  [1m[36mSQL (0.2ms)[0m  [1mSHOW TABLES[0m
  [1m[35mSQL (141.4ms)[0m  CREATE TABLE `schema_migrations` (`version` varchar(255) NOT NULL) ENGINE=InnoDB
  [1m[36mSQL (0.4ms)[0m  [1mSHOW KEYS FROM `schema_migrations`[0m
  [1m[35mSQL (233.7ms)[0m  CREATE UNIQUE INDEX `unique_schema_migrations` ON `schema_migrations` (`version`)
  [1m[36mSQL (0.3ms)[0m  [1mSHOW TABLES[0m
  [1m[35mSQL (0.2ms)[0m  SHOW TABLES
  [1m[36mSQL (0.2ms)[0m  [1mSELECT `schema_migrations`.`version` FROM `schema_migrations`[0m
Migrating to CreateUsers (20120528092533)
  [1m[35mSQL (128.2ms)[0m  CREATE TABLE `users` (`id` int(11) DEFAULT NULL auto_increment PRIMARY KEY, `email` varchar(255), `username` varchar(255), `created_at` datetime, `updated_at` datetime) ENGINE=InnoDB
  [1m[36mSQL (40.9ms)[0m  [1mINSERT INTO `schema_migrations` (`version`) VALUES ('20120528092533')[0m
Migrating to CreatePeople (20120528092539)
  [1m[35mSQL (130.9ms)[0m  CREATE TABLE `people` (`id` int(11) DEFAULT NULL auto_increment PRIMARY KEY, `user_id` int(11), `guid` int(11), `created_at` datetime, `updated_at` datetime) ENGINE=InnoDB
  [1m[36mSQL (40.8ms)[0m  [1mINSERT INTO `schema_migrations` (`version`) VALUES ('20120528092539')[0m
Migrating to CreateProfiles (20120528092544)
  [1m[35mSQL (139.7ms)[0m  CREATE TABLE `profiles` (`id` int(11) DEFAULT NULL auto_increment PRIMARY KEY, `first_name` varchar(255), `last_name` varchar(255), `designation` varchar(255), `location` varchar(255), `department` varchar(255), `person_id` int(11), `searchable` tinyint(1), `bio` text, `created_at` datetime, `updated_at` datetime) ENGINE=InnoDB
  [1m[36mSQL (49.2ms)[0m  [1mINSERT INTO `schema_migrations` (`version`) VALUES ('20120528092544')[0m
  [1m[35mSQL (0.2ms)[0m  SHOW TABLES
  [1m[36mSQL (0.1ms)[0m  [1mSELECT `schema_migrations`.`version` FROM `schema_migrations`[0m
  [1m[35mSQL (0.2ms)[0m  SHOW TABLES
  [1m[36mSQL (0.3ms)[0m  [1mdescribe `people`[0m
  [1m[35mSQL (0.1ms)[0m  SHOW KEYS FROM `people`
  [1m[36mSQL (0.5ms)[0m  [1mdescribe `profiles`[0m
  [1m[35mSQL (0.2ms)[0m  SHOW KEYS FROM `profiles`
  [1m[36mSQL (0.3ms)[0m  [1mdescribe `users`[0m
  [1m[35mSQL (0.1ms)[0m  SHOW KEYS FROM `users`
DEPRECATION WARNING: config.action_view.debug_rjs will be removed in 3.1, from 3.1 onwards you will need to install prototype-rails to continue to use RJS templates . (called from service at /home/srikanth/.rvm/rubies/ruby-1.9.2-p318/lib/ruby/1.9.1/webrick/httpserver.rb:111)


Started GET "/api/v1/users" for 127.0.0.1 at 2012-05-28 15:47:55 +0530

ActionController::RoutingError (No route matches "/api/v1/users"):
  

Rendered /home/srikanth/.rvm/gems/ruby-1.9.2-p318/gems/actionpack-3.0.11/lib/action_dispatch/middleware/templates/rescues/routing_error.erb within rescues/layout (1.4ms)


Started GET "/api/v1/users" for 127.0.0.1 at 2012-05-28 15:48:02 +0530

ActionController::RoutingError (No route matches "/api/v1/users"):
  

Rendered /home/srikanth/.rvm/gems/ruby-1.9.2-p318/gems/actionpack-3.0.11/lib/action_dispatch/middleware/templates/rescues/routing_error.erb within rescues/layout (1.2ms)
DEPRECATION WARNING: config.action_view.debug_rjs will be removed in 3.1, from 3.1 onwards you will need to install prototype-rails to continue to use RJS templates . (called from service at /home/srikanth/.rvm/rubies/ruby-1.9.2-p318/lib/ruby/1.9.1/webrick/httpserver.rb:111)


Started GET "/api/v1/users" for 127.0.0.1 at 2012-05-28 15:51:43 +0530

ActionController::RoutingError (No route matches "/api/v1/users"):
  

Rendered /home/srikanth/.rvm/gems/ruby-1.9.2-p318/gems/actionpack-3.0.11/lib/action_dispatch/middleware/templates/rescues/routing_error.erb within rescues/layout (0.8ms)


Started GET "/api/v1/users" for 127.0.0.1 at 2012-05-28 15:52:28 +0530

NameError (uninitialized constant Users):
  config/routes.rb:54:in `block in <top (required)>'
  config/routes.rb:1:in `<top (required)>'

Rendered /home/srikanth/.rvm/gems/ruby-1.9.2-p318/gems/actionpack-3.0.11/lib/action_dispatch/middleware/templates/rescues/_trace.erb (2.0ms)
Rendered /home/srikanth/.rvm/gems/ruby-1.9.2-p318/gems/actionpack-3.0.11/lib/action_dispatch/middleware/templates/rescues/_request_and_response.erb (31.6ms)
Rendered /home/srikanth/.rvm/gems/ruby-1.9.2-p318/gems/actionpack-3.0.11/lib/action_dispatch/middleware/templates/rescues/diagnostics.erb within rescues/layout (39.4ms)
